<?xml version="1.0" encoding="UTF-8"?>
<!-- Generated by org.testng.reporters.JUnitReportReporter -->
<testsuite hostname="TYSS-Chandana-M" failures="0" tests="2" name="testng_prjct.WorkingWithPriority" time="0.010" errors="0" timestamp="2024-01-27T18:37:33 IST" skipped="0">
  <testcase classname="testng_prjct.WorkingWithPriority" name="m1" time="0.008">
    <system-out>
      <![CDATA[Hi From Priority M1()
Hi From Priority M1()]]>
    </system-out>
  </testcase> <!-- m1 -->
  <testcase classname="testng_prjct.WorkingWithPriority" name="m2" time="0.002">
    <system-out>
      <![CDATA[Hi From Priority M2()
Hi From Priority M2()]]>
    </system-out>
  </testcase> <!-- m2 -->
  <system-out>
    <![CDATA[Hi From Priority M1()
Hi From Priority M1()
Hi From Priority M2()
Hi From Priority M2()]]>
  </system-out>
</testsuite> <!-- testng_prjct.WorkingWithPriority -->
