<?xml version="1.0" encoding="UTF-8"?>
<!-- Generated by org.testng.reporters.JUnitReportReporter -->
<testsuite hostname="TYSS-Chandana-M" failures="0" tests="1" name="practise.Assert" time="11.251" errors="0" timestamp="2024-02-20T17:46:33 IST" skipped="0">
  <testcase classname="practise.Assert" name="launch_App" time="11.251"/>
</testsuite> <!-- practise.Assert -->
