<?xml version="1.0" encoding="UTF-8"?>
<!-- Generated by org.testng.reporters.JUnitReportReporter -->
<testsuite hostname="TYSS-Chandana-M" failures="0" tests="1" name="testng_batch.Register" time="8.442" errors="0" timestamp="2024-02-09T15:44:24 IST" skipped="0">
  <testcase classname="testng_batch.Register" name="m2" time="8.442">
    <system-out>
      <![CDATA[From DWS Register]]>
    </system-out>
  </testcase> <!-- m2 -->
  <system-out>
    <![CDATA[From DWS LogIn
From DWS LogOut
From DWS Register]]>
  </system-out>
</testsuite> <!-- testng_batch.Register -->
