<?xml version="1.0" encoding="UTF-8"?>
<!-- Generated by org.testng.reporters.JUnitReportReporter -->
<testsuite hostname="TYSS-Chandana-M" failures="0" tests="2" name="dataprovider.Basic" time="0.008" errors="0" timestamp="2024-02-20T17:31:54 IST" skipped="0">
  <testcase classname="dataprovider.Basic" name="data" time="0.002">
    <system-out>
      <![CDATA[Name5
Subject1
Mock Rating1
*****************]]>
    </system-out>
  </testcase> <!-- data -->
  <testcase classname="dataprovider.Basic" name="data" time="0.006">
    <system-out>
      <![CDATA[Name4
Subject1
Mock Rating1
*****************]]>
    </system-out>
  </testcase> <!-- data -->
  <system-out>
    <![CDATA[Name4
Subject1
Mock Rating1
*****************
Name5
Subject1
Mock Rating1
*****************]]>
  </system-out>
</testsuite> <!-- dataprovider.Basic -->
