<?xml version="1.0" encoding="UTF-8"?>
<!-- Generated by org.testng.reporters.JUnitReportReporter -->
<testsuite hostname="TYSS-Chandana-M" failures="0" tests="1" name="testng_group.LogOut" time="0.000" errors="0" timestamp="2024-01-27T20:26:33 IST" skipped="1">
  <testcase classname="testng_group.LogOut" name="m2" time="0.000">
    <skipped/>
  </testcase> <!-- m2 -->
  <system-out>
    <![CDATA[From DWS LogIn]]>
  </system-out>
</testsuite> <!-- testng_group.LogOut -->
