<?xml version="1.0" encoding="UTF-8"?>
<!-- Generated by org.testng.reporters.JUnitReportReporter -->
<testsuite hostname="TYSS-Chandana-M" failures="0" tests="2" name="testng_prjct_helper_attribute.WorkingWithGroups" time="0.008" errors="0" timestamp="2024-02-17T19:04:58 IST" skipped="1">
  <testcase classname="testng_prjct_helper_attribute.WorkingWithGroups" name="functional_testing_02" time="0.008">
    <system-out>
      <![CDATA[Hi From Priority M2()
Hi From Priority M2()]]>
    </system-out>
  </testcase> <!-- functional_testing_02 -->
  <testcase classname="testng_prjct_helper_attribute.WorkingWithGroups" name="integration_testing_01" time="0.000">
    <skipped/>
  </testcase> <!-- integration_testing_01 -->
  <system-out>
    <![CDATA[Hi From Priority M2()
Hi From Priority M2()
From DWS LogIn]]>
  </system-out>
</testsuite> <!-- testng_prjct_helper_attribute.WorkingWithGroups -->
