<?xml version="1.0" encoding="UTF-8"?>
<!-- Generated by org.testng.reporters.JUnitReportReporter -->
<testsuite hostname="TYSS-Chandana-M" failures="0" tests="1" name="itestlistener.TestScript_02" time="15.603" errors="0" timestamp="2024-02-15T18:29:33 IST" skipped="0">
  <testcase classname="itestlistener.TestScript_02" name="scrip_01" time="15.603">
    <system-out>
      <![CDATA[Execution Started
test script_02
Execution Success]]>
    </system-out>
  </testcase> <!-- scrip_01 -->
  <system-out>
    <![CDATA[Execution Started
test script_02
Execution Success]]>
  </system-out>
</testsuite> <!-- itestlistener.TestScript_02 -->
