<?xml version="1.0" encoding="UTF-8"?>
<!-- Generated by org.testng.reporters.JUnitReportReporter -->
<testsuite hostname="TYSS-Chandana-M" failures="0" tests="2" name="testng_prjct_helper_attribute.WorkingWithEnabled" time="11.454" errors="0" timestamp="2024-01-27T18:58:41 IST" skipped="1">
  <testcase classname="testng_prjct_helper_attribute.WorkingWithEnabled" name="m2" time="11.454">
    <system-out>
      <![CDATA[From DWS]]>
    </system-out>
  </testcase> <!-- m2 -->
  <testcase classname="testng_prjct_helper_attribute.WorkingWithEnabled" name="m1">
    <skipped/>
  </testcase> <!-- m1 -->
  <system-out>
    <![CDATA[From DWS]]>
  </system-out>
</testsuite> <!-- testng_prjct_helper_attribute.WorkingWithEnabled -->
