<?xml version="1.0" encoding="UTF-8"?>
<!-- Generated by org.testng.reporters.JUnitReportReporter -->
<testsuite hostname="TYSS-Chandana-M" failures="0" tests="1" name="testng_prjct_helper_attribute.WorkingWithGroups2" time="0.001" errors="0" timestamp="2024-02-18T18:24:06 IST" skipped="1">
  <testcase classname="testng_prjct_helper_attribute.WorkingWithGroups2" name="integration_testing_01" time="0.001">
    <skipped/>
  </testcase> <!-- integration_testing_01 -->
  <system-out>
    <![CDATA[Hi From Priority M1()
Hi From group M1()]]>
  </system-out>
</testsuite> <!-- testng_prjct_helper_attribute.WorkingWithGroups2 -->
