<?xml version="1.0" encoding="UTF-8"?>
<!-- Generated by org.testng.reporters.JUnitReportReporter -->
<testsuite hostname="TYSS-Chandana-M" failures="0" tests="2" name="testng_prjct_helper_attribute.WorkingWithTimeOut" time="5.022" errors="1" timestamp="2024-01-27T19:00:47 IST" skipped="1">
  <testcase classname="testng_prjct_helper_attribute.WorkingWithTimeOut" name="m2" time="5.022">
    <error message="Method testng_prjct_helper_attribute.WorkingWithTimeOut.m2() didn&#039;t finish within the time-out 5000" type="org.testng.internal.thread.ThreadTimeoutException">
      <![CDATA[org.testng.internal.thread.ThreadTimeoutException: Method testng_prjct_helper_attribute.WorkingWithTimeOut.m2() didn't finish within the time-out 5000
at java.base@17.0.9/java.lang.Thread.sleep(Native Method)
at app//testng_prjct_helper_attribute.WorkingWithTimeOut.m2(WorkingWithTimeOut.java:24)
at java.base@17.0.9/jdk.internal.reflect.NativeMethodAccessorImpl.invoke0(Native Method)
at java.base@17.0.9/jdk.internal.reflect.NativeMethodAccessorImpl.invoke(NativeMethodAccessorImpl.java:77)
at java.base@17.0.9/jdk.internal.reflect.DelegatingMethodAccessorImpl.invoke(DelegatingMethodAccessorImpl.java:43)
at java.base@17.0.9/java.lang.reflect.Method.invoke(Method.java:568)
at app//org.testng.internal.invokers.MethodInvocationHelper.invokeMethod(MethodInvocationHelper.java:139)
at app//org.testng.internal.invokers.InvokeMethodRunnable.runOne(InvokeMethodRunnable.java:47)
at app//org.testng.internal.invokers.InvokeMethodRunnable.call(InvokeMethodRunnable.java:76)
at app//org.testng.internal.invokers.InvokeMethodRunnable.call(InvokeMethodRunnable.java:11)
at java.base@17.0.9/java.util.concurrent.FutureTask.run(FutureTask.java:264)
at java.base@17.0.9/java.util.concurrent.ThreadPoolExecutor.runWorker(ThreadPoolExecutor.java:1136)
at java.base@17.0.9/java.util.concurrent.ThreadPoolExecutor$Worker.run(ThreadPoolExecutor.java:635)
at java.base@17.0.9/java.lang.Thread.run(Thread.java:842)
]]>
    </error>
    <system-out>
      <![CDATA[From DWS]]>
    </system-out>
  </testcase> <!-- m2 -->
  <testcase classname="testng_prjct_helper_attribute.WorkingWithTimeOut" name="m1">
    <skipped/>
  </testcase> <!-- m1 -->
  <system-out>
    <![CDATA[From DWS]]>
  </system-out>
</testsuite> <!-- testng_prjct_helper_attribute.WorkingWithTimeOut -->
