<?xml version="1.0" encoding="UTF-8"?>
<!-- Generated by org.testng.reporters.JUnitReportReporter -->
<testsuite hostname="TYSS-Chandana-M" failures="0" tests="1" name="testng_prjct.ToCheckTestNG" time="0.009" errors="0" timestamp="2024-01-27T18:32:55 IST" skipped="0">
  <testcase classname="testng_prjct.ToCheckTestNG" name="m1" time="0.009">
    <system-out>
      <![CDATA[hi all]]>
    </system-out>
  </testcase> <!-- m1 -->
  <system-out>
    <![CDATA[hi all]]>
  </system-out>
</testsuite> <!-- testng_prjct.ToCheckTestNG -->
