<?xml version="1.0" encoding="UTF-8"?>
<!-- Generated by org.testng.reporters.JUnitReportReporter -->
<testsuite hostname="TYSS-Chandana-M" failures="0" tests="1" name="testng_crossbrowser.LogIn" time="14.166" errors="0" timestamp="2024-02-20T17:23:40 IST" skipped="0">
  <testcase classname="testng_crossbrowser.LogIn" name="m2" time="14.166">
    <system-out>
      <![CDATA[From DWS LogIn]]>
    </system-out>
  </testcase> <!-- m2 -->
  <system-out>
    <![CDATA[From DWS LogIn]]>
  </system-out>
</testsuite> <!-- testng_crossbrowser.LogIn -->
