<?xml version="1.0" encoding="UTF-8"?>
<!-- Generated by org.testng.reporters.JUnitReportReporter -->
<testsuite hostname="TYSS-Chandana-M" failures="0" tests="2" name="dataprovider.DWS_Register" time="24.276" errors="0" timestamp="2024-02-11T19:12:29 IST" skipped="0">
  <testcase classname="dataprovider.DWS_Register" name="login1" time="12.726"/>
  <testcase classname="dataprovider.DWS_Register" name="login1" time="11.550"/>
</testsuite> <!-- dataprovider.DWS_Register -->
