<?xml version="1.0" encoding="UTF-8"?>
<!-- Generated by org.testng.reporters.JUnitReportReporter -->
<testsuite hostname="TYSS-Chandana-M" failures="0" tests="9" name="testng_prjct.WorkingWithInvocationCount" time="0.016" errors="0" timestamp="2024-01-27T18:39:57 IST" skipped="0">
  <testcase classname="testng_prjct.WorkingWithInvocationCount" name="m1" time="0.001">
    <system-out>
      <![CDATA[Hi From Priority M1()
Hi From Priority M1()]]>
    </system-out>
  </testcase> <!-- m1 -->
  <testcase classname="testng_prjct.WorkingWithInvocationCount" name="m1" time="0.007">
    <system-out>
      <![CDATA[Hi From Priority M1()
Hi From Priority M1()]]>
    </system-out>
  </testcase> <!-- m1 -->
  <testcase classname="testng_prjct.WorkingWithInvocationCount" name="m1" time="0.001">
    <system-out>
      <![CDATA[Hi From Priority M1()
Hi From Priority M1()]]>
    </system-out>
  </testcase> <!-- m1 -->
  <testcase classname="testng_prjct.WorkingWithInvocationCount" name="m1" time="0.001">
    <system-out>
      <![CDATA[Hi From Priority M1()
Hi From Priority M1()]]>
    </system-out>
  </testcase> <!-- m1 -->
  <testcase classname="testng_prjct.WorkingWithInvocationCount" name="m1" time="0.001">
    <system-out>
      <![CDATA[Hi From Priority M1()
Hi From Priority M1()]]>
    </system-out>
  </testcase> <!-- m1 -->
  <testcase classname="testng_prjct.WorkingWithInvocationCount" name="m1" time="0.002">
    <system-out>
      <![CDATA[Hi From Priority M1()
Hi From Priority M1()]]>
    </system-out>
  </testcase> <!-- m1 -->
  <testcase classname="testng_prjct.WorkingWithInvocationCount" name="m2" time="0.001">
    <system-out>
      <![CDATA[Hi From Priority M2()
Hi From Priority M2()]]>
    </system-out>
  </testcase> <!-- m2 -->
  <testcase classname="testng_prjct.WorkingWithInvocationCount" name="m1" time="0.001">
    <system-out>
      <![CDATA[Hi From Priority M1()
Hi From Priority M1()]]>
    </system-out>
  </testcase> <!-- m1 -->
  <testcase classname="testng_prjct.WorkingWithInvocationCount" name="m1" time="0.001">
    <system-out>
      <![CDATA[Hi From Priority M1()
Hi From Priority M1()]]>
    </system-out>
  </testcase> <!-- m1 -->
  <system-out>
    <![CDATA[Hi From Priority M1()
Hi From Priority M1()
Hi From Priority M1()
Hi From Priority M1()
Hi From Priority M1()
Hi From Priority M1()
Hi From Priority M1()
Hi From Priority M1()
Hi From Priority M1()
Hi From Priority M1()
Hi From Priority M1()
Hi From Priority M1()
Hi From Priority M1()
Hi From Priority M1()
Hi From Priority M1()
Hi From Priority M1()
Hi From Priority M2()
Hi From Priority M2()]]>
  </system-out>
</testsuite> <!-- testng_prjct.WorkingWithInvocationCount -->
