<?xml version="1.0" encoding="UTF-8"?>
<!-- Generated by org.testng.reporters.JUnitReportReporter -->
<testsuite hostname="TYSS-Chandana-M" failures="0" tests="1" name="testng_crossbrowser.LogOut" time="18.770" errors="0" timestamp="2024-02-18T18:47:08 IST" skipped="0">
  <testcase classname="testng_crossbrowser.LogOut" name="m2" time="18.770">
    <system-out>
      <![CDATA[From DWS LogOut]]>
    </system-out>
  </testcase> <!-- m2 -->
  <system-out>
    <![CDATA[From DWS LogIn
From DWS LogOut]]>
  </system-out>
</testsuite> <!-- testng_crossbrowser.LogOut -->
