<?xml version="1.0" encoding="UTF-8"?>
<!-- Generated by org.testng.reporters.JUnitReportReporter -->
<testsuite hostname="TYSS-Chandana-M" failures="0" tests="1" name="testng_parallell.LogIn" time="11.417" errors="0" timestamp="2024-01-27T20:16:11 IST" skipped="0">
  <testcase classname="testng_parallell.LogIn" name="m2" time="11.417">
    <system-out>
      <![CDATA[From DWS LogIn]]>
    </system-out>
  </testcase> <!-- m2 -->
  <system-out>
    <![CDATA[From DWS LogOut
From DWS LogIn]]>
  </system-out>
</testsuite> <!-- testng_parallell.LogIn -->
